Benchmark 1: nvim --headless +qa #05/28/2023
  Time (mean ± σ):      13.6 ms ±   0.8 ms    [User: 10.4 ms, System: 3.5 ms]
  Range (min … max):    12.4 ms …  17.0 ms    210 runs
 
Benchmark 1: nvim --headless +qa
  Time (mean ± σ):      15.7 ms ±   2.6 ms    [User: 11.9 ms, System: 4.1 ms]
  Range (min … max):    13.9 ms …  28.1 ms    182 runs
 
Benchmark 1: nvim --headless +qa
  Time (mean ± σ):      14.8 ms ±   2.6 ms    [User: 10.8 ms, System: 4.3 ms]
  Range (min … max):    13.1 ms …  29.4 ms    195 runs
 
Benchmark 1: nvim --headless +qa
  Time (mean ± σ):      15.6 ms ±   2.7 ms    [User: 11.8 ms, System: 4.1 ms]
  Range (min … max):    13.8 ms …  29.1 ms    185 runs
 
Benchmark 1: nvim --headless +qa
  Time (mean ± σ):      14.8 ms ±   1.9 ms    [User: 11.0 ms, System: 4.3 ms]
  Range (min … max):    13.4 ms …  29.1 ms    96 runs
 
Benchmark 1: nvim --headless +qa
  Time (mean ± σ):      15.3 ms ±   1.1 ms    [User: 11.8 ms, System: 3.7 ms]
  Range (min … max):    14.0 ms …  21.8 ms    166 runs
 
Benchmark 1: nvim --headless +qa #05/29/2023
  Time (mean ± σ):      15.6 ms ±   1.6 ms    [User: 10.9 ms, System: 4.8 ms]
  Range (min … max):    14.2 ms …  24.5 ms    193 runs
 
Benchmark 1: nvim --headless +qa
  Time (mean ± σ):      17.1 ms ±   3.4 ms    [User: 12.9 ms, System: 4.4 ms]
  Range (min … max):    14.7 ms …  32.4 ms    168 runs
 
Benchmark 1: nvim --headless +qa #06/03/2023
  Time (mean ± σ):      15.8 ms ±   0.7 ms    [User: 11.5 ms, System: 4.7 ms]
  Range (min … max):    14.9 ms …  19.3 ms    165 runs
 
Benchmark 1: nvim --headless +qa 
  Time (mean ± σ):      15.7 ms ±   0.7 ms    [User: 11.7 ms, System: 4.3 ms]
  Range (min … max):    14.5 ms …  19.7 ms    174 runs
 
Benchmark 1: nvim --headless +qa #06/21/2023
  Time (mean ± σ):      18.1 ms ±   0.9 ms    [User: 14.4 ms, System: 3.9 ms]
  Range (min … max):    16.8 ms …  21.7 ms    146 runs
 
Benchmark 1: nvim --headless +qa
  Time (mean ± σ):      18.0 ms ±   2.5 ms    [User: 13.5 ms, System: 4.8 ms]
  Range (min … max):    16.1 ms …  31.3 ms    150 runs
 
Benchmark 1: nvim --headless +qa
  Time (mean ± σ):      18.1 ms ±   0.9 ms    [User: 13.6 ms, System: 4.8 ms]
  Range (min … max):    16.7 ms …  22.0 ms    149 runs
 
Benchmark 1: nvim --headless +qa #06/30/2023
  Time (mean ± σ):      19.5 ms ±   1.1 ms    [User: 15.3 ms, System: 4.3 ms]
  Range (min … max):    18.0 ms …  24.1 ms    148 runs
 
